\BOOKMARK [0][-]{chapter.1}{\376\377\000P\000r\000o\000p\000o\000s\000i\000t\000i\000o\000n\000a\000l\000\040\000l\000o\000g\000i\000c}{}% 1
\BOOKMARK [1][-]{section.1.1}{\376\377\000T\000r\000u\000t\000h\000\040\000a\000s\000s\000i\000g\000n\000m\000e\000n\000t\000s}{chapter.1}% 2
\BOOKMARK [1][-]{section.1.2}{\376\377\000A\000\040\000p\000a\000r\000s\000i\000n\000g\000\040\000a\000l\000g\000o\000r\000i\000t\000h\000m}{chapter.1}% 3
\BOOKMARK [1][-]{section.1.3}{\376\377\000I\000n\000d\000u\000c\000t\000i\000o\000n\000\040\000a\000n\000d\000\040\000r\000e\000c\000u\000r\000s\000i\000o\000n}{chapter.1}% 4
\BOOKMARK [1][-]{section.1.4}{\376\377\000S\000e\000n\000t\000e\000n\000t\000i\000a\000l\000\040\000c\000o\000n\000n\000e\000c\000t\000i\000v\000e\000s}{chapter.1}% 5
\BOOKMARK [1][-]{section.1.5}{\376\377\000C\000o\000m\000p\000a\000c\000t\000n\000e\000s\000s\000\040\000T\000h\000e\000o\000r\000e\000m}{chapter.1}% 6
\BOOKMARK [0][-]{chapter.2}{\376\377\000P\000r\000e\000d\000i\000c\000a\000t\000e\000\040\000-\000\040\000/\000\040\000f\000i\000r\000s\000t\000\040\000o\000r\000d\000e\000r\000\040\000l\000o\000g\000i\000c}{}% 7
\BOOKMARK [1][-]{section.2.1}{\376\377\000F\000o\000r\000m\000u\000l\000a\000s}{chapter.2}% 8
\BOOKMARK [1][-]{section.2.2}{\376\377\000S\000e\000m\000a\000n\000t\000i\000c\000s\000\040\000o\000f\000\040\000f\000i\000r\000s\000t\000\040\000o\000r\000d\000e\000r\000\040\000l\000o\000g\000i\000c}{chapter.2}% 9
\BOOKMARK [1][-]{section.2.3}{\376\377\000d\000e\000f\000i\000n\000a\000b\000i\000l\000i\000t\000y\000\040\000i\000n\000\040\000a\000\040\000s\000t\000r\000u\000c\000t\000u\000r\000e}{chapter.2}% 10
\BOOKMARK [1][-]{section.2.4}{\376\377\000H\000o\000m\000o\000m\000o\000r\000p\000h\000i\000s\000m\000s\000\040\000o\000f\000\040\000s\000t\000r\000u\000c\000t\000u\000r\000e\000s}{chapter.2}% 11
\BOOKMARK [1][-]{section.2.5}{\376\377\000U\000n\000i\000q\000u\000e\000\040\000r\000e\000a\000d\000a\000b\000i\000l\000i\000t\000y\000\040\000f\000o\000r\000\040\000t\000e\000r\000m\000s\000\040\000a\000n\000d\000\040\000f\000o\000r\000m\000u\000l\000a\000s}{chapter.2}% 12
\BOOKMARK [1][-]{section.2.6}{\376\377\000D\000e\000d\000u\000c\000t\000i\000o\000n\000s\000\040\000\050\000f\000o\000r\000m\000a\000l\000\040\000p\000r\000o\000o\000f\000s\000\051}{chapter.2}% 13
\BOOKMARK [1][-]{section.2.7}{\376\377\000G\000e\000n\000e\000r\000a\000l\000i\000z\000a\000t\000i\000o\000n\000\040\000a\000n\000d\000\040\000d\000e\000d\000u\000c\000t\000i\000o\000n\000\040\000t\000h\000e\000o\000r\000e\000m}{chapter.2}% 14
\BOOKMARK [1][-]{section.2.8}{\376\377\000S\000o\000u\000n\000d\000n\000e\000s\000s\000\040\000o\000f\000\040\000f\000i\000r\000s\000t\000\040\000o\000r\000d\000e\000r\000\040\000l\000o\000g\000i\000c}{chapter.2}% 15
\BOOKMARK [1][-]{section.2.9}{\376\377\000C\000o\000m\000p\000l\000e\000t\000e\000n\000e\000s\000s\000\040\000o\000f\000\040\000f\000i\000r\000s\000t\000\040\000o\000r\000d\000e\000r\000\040\000l\000o\000g\000i\000c}{chapter.2}% 16
\BOOKMARK [2][-]{subsection.2.9.1}{\376\377\000S\000i\000z\000e\000s\000\040\000o\000f\000\040\000m\000o\000d\000e\000l\000s\000\040\000/\000\040\000c\000o\000m\000p\000l\000e\000t\000n\000e\000s\000s\000\040\000f\000o\000r\000\040\000u\000n\000c\000o\000u\000n\000t\000a\000b\000l\000e\000\040\000l\000a\000n\000g\000u\000a\000g\000e\000s}{section.2.9}% 17
\BOOKMARK [0][-]{chapter.3}{\376\377\000M\000o\000d\000e\000l\000\040\000T\000h\000e\000o\000r\000y}{}% 18
\BOOKMARK [1][-]{section.3.1}{\376\377\000L\000S\000T\000-\000T\000h\000e\000o\000r\000e\000m}{chapter.3}% 19
\BOOKMARK [1][-]{section.3.2}{\376\377\000T\000h\000e\000o\000r\000i\000e\000s\000\040\000a\000n\000d\000\040\000c\000o\000m\000p\000l\000e\000t\000e\000n\000e\000s\000s}{chapter.3}% 20
\BOOKMARK [1][-]{section.3.3}{\376\377\000T\000h\000e\000o\000r\000y\000\040\000o\000f\000\040\000a\000l\000g\000e\000b\000r\000a\000i\000c\000\040\000c\000l\000o\000s\000e\000d\000\040\000f\000i\000e\000l\000d\000s}{chapter.3}% 21
\BOOKMARK [1][-]{section.3.4}{\376\377\000N\000o\000n\000s\000t\000a\000n\000d\000a\000r\000d\000\040\000A\000n\000a\000l\000y\000s\000i\000s}{chapter.3}% 22
\BOOKMARK [1][-]{section.3.5}{\376\377\000o\000-\000m\000i\000n\000i\000m\000a\000l\000i\000t\000y}{chapter.3}% 23
\BOOKMARK [1][-]{section.3.6}{\376\377\000M\000o\000n\000o\000t\000o\000n\000i\000c\000i\000t\000y\000\040\000T\000h\000e\000o\000r\000e\000m}{chapter.3}% 24
\BOOKMARK [1][-]{section.3.7}{\376\377\000C\000e\000l\000l\000\040\000d\000e\000c\000o\000m\000p\000o\000s\000i\000t\000i\000o\000n\000\040\000T\000h\000e\000o\000r\000e\000m}{chapter.3}% 25
\BOOKMARK [0][-]{chapter.4}{\376\377\000B\000o\000o\000l\000e\000a\000n\000\040\000A\000l\000g\000e\000b\000r\000a}{}% 26
\BOOKMARK [1][-]{section.4.1}{\376\377\000S\000t\000o\000n\000e\000\040\000R\000e\000p\000r\000e\000s\000e\000n\000t\000a\000t\000i\000o\000n\000\040\000T\000h\000e\000o\000r\000e\000m}{chapter.4}% 27
\BOOKMARK [1][-]{section.4.2}{\376\377\000L\000i\000n\000d\000e\000n\000b\000a\000u\000m\000-\000T\000a\000r\000s\000k\000i\000\040\000A\000l\000g\000e\000b\000r\000a\000s}{chapter.4}% 28
\BOOKMARK [0][-]{chapter.5}{\376\377\000S\000e\000t\000\040\000T\000h\000e\000o\000r\000y\000\040\000o\000f\000\040\000Z\000F\000C}{}% 29
\BOOKMARK [1][-]{section.5.1}{\376\377\000F\000i\000r\000s\000t\000\040\000a\000x\000i\000o\000m\000s\000\040\000o\000f\000\040\000Z\000F\000C}{chapter.5}% 30
\BOOKMARK [2][-]{subsection.5.1.1}{\376\377\000C\000l\000a\000s\000s\000e\000s\000\040\000a\000n\000d\000\040\000f\000u\000n\000c\000t\000i\000o\000n\000s}{section.5.1}% 31
\BOOKMARK [1][-]{section.5.2}{\376\377\000O\000r\000d\000i\000n\000a\000l\000s}{chapter.5}% 32
\BOOKMARK [1][-]{section.5.3}{\376\377\000T\000r\000a\000n\000s\000f\000i\000n\000i\000t\000e\000\040\000i\000n\000d\000u\000c\000t\000i\000o\000n\000/\000r\000e\000c\000u\000r\000s\000i\000o\000n}{chapter.5}% 33
\BOOKMARK [1][-]{section.5.4}{\376\377\000A\000x\000i\000o\000m\000\040\000o\000f\000\040\000C\000h\000o\000i\000c\000e\000\040\000a\000n\000d\000\040\000Z\000e\000r\000m\000e\000l\000o\000'\000s\000\040\000T\000h\000e\000o\000r\000e\000m}{chapter.5}% 34
\BOOKMARK [1][-]{section.5.5}{\376\377\000O\000r\000d\000i\000n\000a\000l\000\040\000a\000r\000i\000t\000h\000m\000e\000t\000i\000c\000\040\000a\000n\000d\000\040\000t\000h\000e\000\040\000s\000i\000z\000e\000\040\000o\000f\000\040\000a\000\040\000s\000e\000t}{chapter.5}% 35
\BOOKMARK [1][-]{section.5.6}{\376\377\000C\000a\000r\000d\000i\000n\000a\000l\000\040\000a\000r\000i\000t\000h\000m\000e\000t\000i\000c}{chapter.5}% 36
\BOOKMARK [1][-]{section.5.7}{\376\377\000C\000o\000n\000s\000i\000s\000t\000e\000n\000c\000y\000\040\000o\000f\000\040\000a\000\040\000t\000h\000e\000o\000r\000y}{chapter.5}% 37
\BOOKMARK [2][-]{subsection.5.7.1}{\376\377\000r\000e\000l\000a\000t\000i\000v\000e\000\040\000c\000o\000n\000s\000i\000s\000t\000e\000n\000c\000y}{section.5.7}% 38
\BOOKMARK [0][-]{appendix.A}{\376\377\000A\000p\000p\000e\000n\000d\000i\000x}{}% 39
\BOOKMARK [1][-]{section.A.3}{\376\377\000O\000n\000\040\000M\000o\000d\000e\000l\000\040\000t\000h\000e\000o\000r\000y}{appendix.A}% 40
\BOOKMARK [1][-]{section.A.4}{\376\377\000O\000n\000\040\000B\000o\000o\000l\000e\000a\000n\000\040\000A\000l\000g\000e\000b\000r\000a\000s}{appendix.A}% 41
\BOOKMARK [2][-]{subsection.A.4.1}{\376\377\000N\000o\000t\000e\000s\000\040\000o\000n\000\040\000S\000t\000o\000n\000e\000\040\000s\000p\000a\000c\000e\000s}{section.A.4}% 42
